# JRE version: OpenJDK Runtime Environment (22.0.1+8) (build 22.0.1+8-16)
# Java VM: OpenJDK 64-Bit Server VM (22.0.1+8-16, mixed mode, sharing, tiered, compressed oops, compressed class ptrs, g1 gc, windows-amd64)
GC Precious Log:
 CardTable entry size: 512
 Card Set container configuration: InlinePtr #cards 5 size 8 Array Of Cards #cards 12 size 40 Howl #buckets 4 coarsen threshold 1843 Howl Bitmap #cards 512 size 80 coarsen threshold 460 Card regions per heap region 1 cards per card region 2048
 CPUs: 8 total, 8 available
 Memory: 7934M
 Large Page Support: Disabled
 NUMA Support: Disabled
 Compressed Oops: Enabled (32-bit)
 Heap Region Size: 1M
 Heap Min Capacity: 8M
 Heap Initial Capacity: 124M
 Heap Max Capacity: 1984M
 Pre-touch: Disabled
 Parallel Workers: 8
 Concurrent Workers: 2
 Concurrent Refinement Workers: 8
 Periodic GC: Disabled
Heap:
 garbage-first heap   total reserved 2031616K, committed 58368K, used 19714K [0x0000000084000000, 0x0000000100000000)
  region size 1024K, 5 young (5120K), 4 survivors (4096K)
 Metaspace       used 30120K, committed 30592K, reserved 1114112K
  class space    used 3920K, committed 4160K, reserved 1048576K
GC Heap History (10 events):
Event: 4.697 GC heap before
{Heap before GC invocations=0 (full 0):
 garbage-first heap   total reserved 2031616K, committed 126976K, used 25600K [0x0000000084000000, 0x0000000100000000)
  region size 1024K, 24 young (24576K), 0 survivors (0K)
 Metaspace       used 5292K, committed 5440K, reserved 1114112K
  class space    used 622K, committed 704K, reserved 1048576K
}
Event: 4.790 GC heap after
{Heap after GC invocations=1 (full 0):
 garbage-first heap   total reserved 2031616K, committed 126976K, used 9216K [0x0000000084000000, 0x0000000100000000)
  region size 1024K, 3 young (3072K), 3 survivors (3072K)
 Metaspace       used 5292K, committed 5440K, reserved 1114112K
  class space    used 622K, committed 704K, reserved 1048576K
}
Event: 6.712 GC heap before
{Heap before GC invocations=1 (full 0):
 garbage-first heap   total reserved 2031616K, committed 126976K, used 36864K [0x0000000084000000, 0x0000000100000000)
  region size 1024K, 30 young (30720K), 3 survivors (3072K)
 Metaspace       used 12893K, committed 13184K, reserved 1114112K
  class space    used 1648K, committed 1792K, reserved 1048576K
}
Event: 6.726 GC heap after
{Heap after GC invocations=2 (full 0):
 garbage-first heap   total reserved 2031616K, committed 126976K, used 12439K [0x0000000084000000, 0x0000000100000000)
  region size 1024K, 3 young (3072K), 3 survivors (3072K)
 Metaspace       used 12893K, committed 13184K, reserved 1114112K
  class space    used 1648K, committed 1792K, reserved 1048576K
}
Event: 12.273 GC heap before
{Heap before GC invocations=2 (full 0):
 garbage-first heap   total reserved 2031616K, committed 126976K, used 55447K [0x0000000084000000, 0x0000000100000000)
  region size 1024K, 46 young (47104K), 3 survivors (3072K)
 Metaspace       used 21221K, committed 21504K, reserved 1114112K
  class space    used 2744K, committed 2880K, reserved 1048576K
}
Event: 12.286 GC heap after
{Heap after GC invocations=3 (full 0):
 garbage-first heap   total reserved 2031616K, committed 126976K, used 16303K [0x0000000084000000, 0x0000000100000000)
  region size 1024K, 7 young (7168K), 7 survivors (7168K)
 Metaspace       used 21221K, committed 21504K, reserved 1114112K
  class space    used 2744K, committed 2880K, reserved 1048576K
}
Event: 14.560 GC heap before
{Heap before GC invocations=4 (full 0):
 garbage-first heap   total reserved 2031616K, committed 58368K, used 42927K [0x0000000084000000, 0x0000000100000000)
  region size 1024K, 34 young (34816K), 7 survivors (7168K)
 Metaspace       used 24837K, committed 25152K, reserved 1114112K
  class space    used 3197K, committed 3328K, reserved 1048576K
}
Event: 14.571 GC heap after
{Heap after GC invocations=5 (full 0):
 garbage-first heap   total reserved 2031616K, committed 58368K, used 17678K [0x0000000084000000, 0x0000000100000000)
  region size 1024K, 3 young (3072K), 3 survivors (3072K)
 Metaspace       used 24837K, committed 25152K, reserved 1114112K
  class space    used 3197K, committed 3328K, reserved 1048576K
}
Event: 20.714 GC heap before
{Heap before GC invocations=5 (full 0):
 garbage-first heap   total reserved 2031616K, committed 58368K, used 44302K [0x0000000084000000, 0x0000000100000000)
  region size 1024K, 29 young (29696K), 3 survivors (3072K)
 Metaspace       used 30113K, committed 30592K, reserved 1114112K
  class space    used 3918K, committed 4160K, reserved 1048576K
}
Event: 20.721 GC heap after
{Heap after GC invocations=6 (full 0):
 garbage-first heap   total reserved 2031616K, committed 58368K, used 19714K [0x0000000084000000, 0x0000000100000000)
  region size 1024K, 4 young (4096K), 4 survivors (4096K)
 Metaspace       used 30113K, committed 30592K, reserved 1114112K
  class space    used 3918K, committed 4160K, reserved 1048576K
}

